This file contains any messages produced by compilers while
running configure, to aid debugging if configure makes a mistake.

It was created by KLEE configure 0.01, which was
generated by GNU Autoconf 2.69.  Invocation command line was

  $ ./configure --with-llvm=../llvm-2.9 --with-stp=../stp-r940/install

## --------- ##
## Platform. ##
## --------- ##

hostname = iZu1dtx7qx0Z
uname -m = x86_64
uname -r = 3.2.0-67-generic
uname -s = Linux
uname -v = #101-Ubuntu SMP Tue Jul 15 17:46:11 UTC 2014

/usr/bin/uname -p = unknown
/bin/uname -X     = unknown

/bin/arch              = unknown
/usr/bin/arch -k       = unknown
/usr/convex/getsysinfo = unknown
/usr/bin/hostinfo      = unknown
/bin/machine           = unknown
/usr/bin/oslevel       = unknown
/bin/universe          = unknown

PATH: /usr/local/sbin
PATH: /usr/local/bin
PATH: /usr/sbin
PATH: /usr/bin
PATH: /sbin
PATH: /bin
PATH: /usr/games
PATH: /var/www/frog.com/llvm-gcc4.2-2.9-x86_64-linux/bin


## ----------- ##
## Core tests. ##
## ----------- ##

configure:2521: checking for g++
configure:2537: found /usr/bin/g++
configure:2548: result: g++
configure:2575: checking for C++ compiler version
configure:2584: g++ --version >&5
g++ (Ubuntu/Linaro 4.6.3-1ubuntu5) 4.6.3
Copyright (C) 2011 Free Software Foundation, Inc.
This is free software; see the source for copying conditions.  There is NO
warranty; not even for MERCHANTABILITY or FITNESS FOR A PARTICULAR PURPOSE.

configure:2595: $? = 0
configure:2584: g++ -v >&5
Using built-in specs.
COLLECT_GCC=g++
COLLECT_LTO_WRAPPER=/usr/lib/gcc/x86_64-linux-gnu/4.6/lto-wrapper
Target: x86_64-linux-gnu
Configured with: ../src/configure -v --with-pkgversion='Ubuntu/Linaro 4.6.3-1ubuntu5' --with-bugurl=file:///usr/share/doc/gcc-4.6/README.Bugs --enable-languages=c,c++,fortran,objc,obj-c++ --prefix=/usr --program-suffix=-4.6 --enable-shared --enable-linker-build-id --with-system-zlib --libexecdir=/usr/lib --without-included-gettext --enable-threads=posix --with-gxx-include-dir=/usr/include/c++/4.6 --libdir=/usr/lib --enable-nls --with-sysroot=/ --enable-clocale=gnu --enable-libstdcxx-debug --enable-libstdcxx-time=yes --enable-gnu-unique-object --enable-plugin --enable-objc-gc --disable-werror --with-arch-32=i686 --with-tune=generic --enable-checking=release --build=x86_64-linux-gnu --host=x86_64-linux-gnu --target=x86_64-linux-gnu
Thread model: posix
gcc version 4.6.3 (Ubuntu/Linaro 4.6.3-1ubuntu5) 
configure:2595: $? = 0
configure:2584: g++ -V >&5
g++: error: unrecognized option '-V'
g++: fatal error: no input files
compilation terminated.
configure:2595: $? = 4
configure:2584: g++ -qversion >&5
g++: error: unrecognized option '-qversion'
g++: fatal error: no input files
compilation terminated.
configure:2595: $? = 4
configure:2615: checking whether the C++ compiler works
configure:2637: g++    conftest.cpp  >&5
configure:2641: $? = 0
configure:2689: result: yes
configure:2692: checking for C++ compiler default output file name
configure:2694: result: a.out
configure:2700: checking for suffix of executables
configure:2707: g++ -o conftest    conftest.cpp  >&5
configure:2711: $? = 0
configure:2733: result: 
configure:2755: checking whether we are cross compiling
configure:2763: g++ -o conftest    conftest.cpp  >&5
configure:2767: $? = 0
configure:2774: ./conftest
configure:2778: $? = 0
configure:2793: result: no
configure:2798: checking for suffix of object files
configure:2820: g++ -c   conftest.cpp >&5
configure:2824: $? = 0
configure:2845: result: o
configure:2849: checking whether we are using the GNU C++ compiler
configure:2868: g++ -c   conftest.cpp >&5
configure:2868: $? = 0
configure:2877: result: yes
configure:2886: checking whether g++ accepts -g
configure:2906: g++ -c -g  conftest.cpp >&5
configure:2906: $? = 0
configure:2947: result: yes
configure:2982: checking build system type
configure:2996: result: x86_64-unknown-linux-gnu
configure:3016: checking host system type
configure:3029: result: x86_64-unknown-linux-gnu
configure:3049: checking target system type
configure:3062: result: x86_64-unknown-linux-gnu
configure:3089: checking type of operating system we're going to host on
configure:3101: result: 
configure:3112: checking llvm source dir
configure:3153: result: /var/www/frog.com/llvm-2.9
configure:3156: checking llvm obj dir
configure:3158: result: /var/www/frog.com/llvm-2.9
configure:3166: checking llvm package version
configure:3169: result: 2.9
configure:3174: checking llvm version major
configure:3177: result: 2
configure:3180: checking llvm version minor
configure:3183: result: 9
configure:3186: checking llvm is release version
configure:3194: result: 1
configure:3235: checking if LLVM needs C++11
configure:3242: result: no
configure:3284: checking llvm build mode
configure:3303: result: Release+Asserts
configure:3308: checking llvm has asserts enabled
configure:3320: result: 1
configure:3324: checking LLVM Bitcode compiler
configure:3367: result: 
configure:3371: checking for llvm-gcc
configure:3387: found /var/www/frog.com/llvm-gcc4.2-2.9-x86_64-linux/bin/llvm-gcc
configure:3399: result: FOUND
configure:3412: checking for llvm-g++
configure:3428: found /var/www/frog.com/llvm-gcc4.2-2.9-x86_64-linux/bin/llvm-g++
configure:3440: result: FOUND
configure:3571: result: Using C llvm compiler : /var/www/frog.com/llvm-gcc4.2-2.9-x86_64-linux/bin/llvm-gcc
configure:3573: result: Using C++ llvm compiler : /var/www/frog.com/llvm-gcc4.2-2.9-x86_64-linux/bin/llvm-g++
configure:3579: checking C LLVM Bitcode compiler works
configure:3601: result: Success
configure:3579: checking CXX LLVM Bitcode compiler works
configure:3601: result: Success
configure:3632: checking uclibc
configure:3665: result: no
configure:3681: checking POSIX runtime
configure:3695: result: default (disabled, no uclibc)
configure:3729: checking runtime configuration
configure:3741: result: Release+Asserts
configure:3844: checking for gcc
configure:3860: found /usr/bin/gcc
configure:3871: result: gcc
configure:4100: checking for C compiler version
configure:4109: gcc --version >&5
gcc (Ubuntu/Linaro 4.6.3-1ubuntu5) 4.6.3
Copyright (C) 2011 Free Software Foundation, Inc.
This is free software; see the source for copying conditions.  There is NO
warranty; not even for MERCHANTABILITY or FITNESS FOR A PARTICULAR PURPOSE.

configure:4120: $? = 0
configure:4109: gcc -v >&5
Using built-in specs.
COLLECT_GCC=gcc
COLLECT_LTO_WRAPPER=/usr/lib/gcc/x86_64-linux-gnu/4.6/lto-wrapper
Target: x86_64-linux-gnu
Configured with: ../src/configure -v --with-pkgversion='Ubuntu/Linaro 4.6.3-1ubuntu5' --with-bugurl=file:///usr/share/doc/gcc-4.6/README.Bugs --enable-languages=c,c++,fortran,objc,obj-c++ --prefix=/usr --program-suffix=-4.6 --enable-shared --enable-linker-build-id --with-system-zlib --libexecdir=/usr/lib --without-included-gettext --enable-threads=posix --with-gxx-include-dir=/usr/include/c++/4.6 --libdir=/usr/lib --enable-nls --with-sysroot=/ --enable-clocale=gnu --enable-libstdcxx-debug --enable-libstdcxx-time=yes --enable-gnu-unique-object --enable-plugin --enable-objc-gc --disable-werror --with-arch-32=i686 --with-tune=generic --enable-checking=release --build=x86_64-linux-gnu --host=x86_64-linux-gnu --target=x86_64-linux-gnu
Thread model: posix
gcc version 4.6.3 (Ubuntu/Linaro 4.6.3-1ubuntu5) 
configure:4120: $? = 0
configure:4109: gcc -V >&5
gcc: error: unrecognized option '-V'
gcc: fatal error: no input files
compilation terminated.
configure:4120: $? = 4
configure:4109: gcc -qversion >&5
gcc: error: unrecognized option '-qversion'
gcc: fatal error: no input files
compilation terminated.
configure:4120: $? = 4
configure:4124: checking whether we are using the GNU C compiler
configure:4143: gcc -c   conftest.c >&5
configure:4143: $? = 0
configure:4152: result: yes
configure:4161: checking whether gcc accepts -g
configure:4181: gcc -c -g  conftest.c >&5
configure:4181: $? = 0
configure:4222: result: yes
configure:4239: checking for gcc option to accept ISO C89
configure:4302: gcc  -c -g -O2  conftest.c >&5
configure:4302: $? = 0
configure:4315: result: none needed
configure:4341: checking how to run the C preprocessor
configure:4372: gcc -E  conftest.c
configure:4372: $? = 0
configure:4386: gcc -E  conftest.c
conftest.c:15:28: fatal error: ac_nonexistent.h: No such file or directory
compilation terminated.
configure:4386: $? = 1
configure: failed program was:
| /* confdefs.h */
| #define PACKAGE_NAME "KLEE"
| #define PACKAGE_TARNAME "-klee-"
| #define PACKAGE_VERSION "0.01"
| #define PACKAGE_STRING "KLEE 0.01"
| #define PACKAGE_BUGREPORT "daniel@minormatter.com"
| #define PACKAGE_URL ""
| #define LLVM_VERSION_MAJOR 2
| #define LLVM_VERSION_MINOR 9
| #define LLVM_IS_RELEASE 1
| #define ENABLE_KLEE_DEBUG 1
| #define RUNTIME_CONFIGURATION "Release+Asserts"
| #define HAVE_CTYPE_EXTERNALS 1
| /* end confdefs.h.  */
| #include <ac_nonexistent.h>
configure:4411: result: gcc -E
configure:4431: gcc -E  conftest.c
configure:4431: $? = 0
configure:4445: gcc -E  conftest.c
conftest.c:15:28: fatal error: ac_nonexistent.h: No such file or directory
compilation terminated.
configure:4445: $? = 1
configure: failed program was:
| /* confdefs.h */
| #define PACKAGE_NAME "KLEE"
| #define PACKAGE_TARNAME "-klee-"
| #define PACKAGE_VERSION "0.01"
| #define PACKAGE_STRING "KLEE 0.01"
| #define PACKAGE_BUGREPORT "daniel@minormatter.com"
| #define PACKAGE_URL ""
| #define LLVM_VERSION_MAJOR 2
| #define LLVM_VERSION_MINOR 9
| #define LLVM_IS_RELEASE 1
| #define ENABLE_KLEE_DEBUG 1
| #define RUNTIME_CONFIGURATION "Release+Asserts"
| #define HAVE_CTYPE_EXTERNALS 1
| /* end confdefs.h.  */
| #include <ac_nonexistent.h>
configure:4474: checking for grep that handles long lines and -e
configure:4532: result: /bin/grep
configure:4537: checking for egrep
configure:4599: result: /bin/grep -E
configure:4604: checking for ANSI C header files
configure:4624: gcc -c -g -O2  conftest.c >&5
configure:4624: $? = 0
configure:4697: gcc -o conftest -g -O2   conftest.c  >&5
configure:4697: $? = 0
configure:4697: ./conftest
configure:4697: $? = 0
configure:4708: result: yes
configure:4721: checking for sys/types.h
configure:4721: gcc -c -g -O2  conftest.c >&5
configure:4721: $? = 0
configure:4721: result: yes
configure:4721: checking for sys/stat.h
configure:4721: gcc -c -g -O2  conftest.c >&5
configure:4721: $? = 0
configure:4721: result: yes
configure:4721: checking for stdlib.h
configure:4721: gcc -c -g -O2  conftest.c >&5
configure:4721: $? = 0
configure:4721: result: yes
configure:4721: checking for string.h
configure:4721: gcc -c -g -O2  conftest.c >&5
configure:4721: $? = 0
configure:4721: result: yes
configure:4721: checking for memory.h
configure:4721: gcc -c -g -O2  conftest.c >&5
configure:4721: $? = 0
configure:4721: result: yes
configure:4721: checking for strings.h
configure:4721: gcc -c -g -O2  conftest.c >&5
configure:4721: $? = 0
configure:4721: result: yes
configure:4721: checking for inttypes.h
configure:4721: gcc -c -g -O2  conftest.c >&5
configure:4721: $? = 0
configure:4721: result: yes
configure:4721: checking for stdint.h
configure:4721: gcc -c -g -O2  conftest.c >&5
configure:4721: $? = 0
configure:4721: result: yes
configure:4721: checking for unistd.h
configure:4721: gcc -c -g -O2  conftest.c >&5
configure:4721: $? = 0
configure:4721: result: yes
configure:4735: checking sys/acl.h usability
configure:4735: gcc -c -g -O2  conftest.c >&5
conftest.c:58:21: fatal error: sys/acl.h: No such file or directory
compilation terminated.
configure:4735: $? = 1
configure: failed program was:
| /* confdefs.h */
| #define PACKAGE_NAME "KLEE"
| #define PACKAGE_TARNAME "-klee-"
| #define PACKAGE_VERSION "0.01"
| #define PACKAGE_STRING "KLEE 0.01"
| #define PACKAGE_BUGREPORT "daniel@minormatter.com"
| #define PACKAGE_URL ""
| #define LLVM_VERSION_MAJOR 2
| #define LLVM_VERSION_MINOR 9
| #define LLVM_IS_RELEASE 1
| #define ENABLE_KLEE_DEBUG 1
| #define RUNTIME_CONFIGURATION "Release+Asserts"
| #define HAVE_CTYPE_EXTERNALS 1
| #define STDC_HEADERS 1
| #define HAVE_SYS_TYPES_H 1
| #define HAVE_SYS_STAT_H 1
| #define HAVE_STDLIB_H 1
| #define HAVE_STRING_H 1
| #define HAVE_MEMORY_H 1
| #define HAVE_STRINGS_H 1
| #define HAVE_INTTYPES_H 1
| #define HAVE_STDINT_H 1
| #define HAVE_UNISTD_H 1
| /* end confdefs.h.  */
| #include <stdio.h>
| #ifdef HAVE_SYS_TYPES_H
| # include <sys/types.h>
| #endif
| #ifdef HAVE_SYS_STAT_H
| # include <sys/stat.h>
| #endif
| #ifdef STDC_HEADERS
| # include <stdlib.h>
| # include <stddef.h>
| #else
| # ifdef HAVE_STDLIB_H
| #  include <stdlib.h>
| # endif
| #endif
| #ifdef HAVE_STRING_H
| # if !defined STDC_HEADERS && defined HAVE_MEMORY_H
| #  include <memory.h>
| # endif
| # include <string.h>
| #endif
| #ifdef HAVE_STRINGS_H
| # include <strings.h>
| #endif
| #ifdef HAVE_INTTYPES_H
| # include <inttypes.h>
| #endif
| #ifdef HAVE_STDINT_H
| # include <stdint.h>
| #endif
| #ifdef HAVE_UNISTD_H
| # include <unistd.h>
| #endif
| #include <sys/acl.h>
configure:4735: result: no
configure:4735: checking sys/acl.h presence
configure:4735: gcc -E  conftest.c
conftest.c:25:21: fatal error: sys/acl.h: No such file or directory
compilation terminated.
configure:4735: $? = 1
configure: failed program was:
| /* confdefs.h */
| #define PACKAGE_NAME "KLEE"
| #define PACKAGE_TARNAME "-klee-"
| #define PACKAGE_VERSION "0.01"
| #define PACKAGE_STRING "KLEE 0.01"
| #define PACKAGE_BUGREPORT "daniel@minormatter.com"
| #define PACKAGE_URL ""
| #define LLVM_VERSION_MAJOR 2
| #define LLVM_VERSION_MINOR 9
| #define LLVM_IS_RELEASE 1
| #define ENABLE_KLEE_DEBUG 1
| #define RUNTIME_CONFIGURATION "Release+Asserts"
| #define HAVE_CTYPE_EXTERNALS 1
| #define STDC_HEADERS 1
| #define HAVE_SYS_TYPES_H 1
| #define HAVE_SYS_STAT_H 1
| #define HAVE_STDLIB_H 1
| #define HAVE_STRING_H 1
| #define HAVE_MEMORY_H 1
| #define HAVE_STRINGS_H 1
| #define HAVE_INTTYPES_H 1
| #define HAVE_STDINT_H 1
| #define HAVE_UNISTD_H 1
| /* end confdefs.h.  */
| #include <sys/acl.h>
configure:4735: result: no
configure:4735: checking for sys/acl.h
configure:4735: result: no
configure:4746: checking for cap_get_proc in -lcap
configure:4771: gcc -o conftest -g -O2   conftest.c -lcap   >&5
configure:4771: $? = 0
configure:4780: result: yes
configure:4791: checking sys/capability.h usability
configure:4791: gcc -c -g -O2  conftest.c >&5
configure:4791: $? = 0
configure:4791: result: yes
configure:4791: checking sys/capability.h presence
configure:4791: gcc -E  conftest.c
configure:4791: $? = 0
configure:4791: result: yes
configure:4791: checking for sys/capability.h
configure:4791: result: yes
configure:4823: checking how to run the C++ preprocessor
configure:4850: g++ -E  conftest.cpp
configure:4850: $? = 0
configure:4864: g++ -E  conftest.cpp
conftest.cpp:26:28: fatal error: ac_nonexistent.h: No such file or directory
compilation terminated.
configure:4864: $? = 1
configure: failed program was:
| /* confdefs.h */
| #define PACKAGE_NAME "KLEE"
| #define PACKAGE_TARNAME "-klee-"
| #define PACKAGE_VERSION "0.01"
| #define PACKAGE_STRING "KLEE 0.01"
| #define PACKAGE_BUGREPORT "daniel@minormatter.com"
| #define PACKAGE_URL ""
| #define LLVM_VERSION_MAJOR 2
| #define LLVM_VERSION_MINOR 9
| #define LLVM_IS_RELEASE 1
| #define ENABLE_KLEE_DEBUG 1
| #define RUNTIME_CONFIGURATION "Release+Asserts"
| #define HAVE_CTYPE_EXTERNALS 1
| #define STDC_HEADERS 1
| #define HAVE_SYS_TYPES_H 1
| #define HAVE_SYS_STAT_H 1
| #define HAVE_STDLIB_H 1
| #define HAVE_STRING_H 1
| #define HAVE_MEMORY_H 1
| #define HAVE_STRINGS_H 1
| #define HAVE_INTTYPES_H 1
| #define HAVE_STDINT_H 1
| #define HAVE_UNISTD_H 1
| #define HAVE_SYS_CAPABILITY_H 1
| /* end confdefs.h.  */
| #include <ac_nonexistent.h>
configure:4889: result: g++ -E
configure:4909: g++ -E  conftest.cpp
configure:4909: $? = 0
configure:4923: g++ -E  conftest.cpp
conftest.cpp:26:28: fatal error: ac_nonexistent.h: No such file or directory
compilation terminated.
configure:4923: $? = 1
configure: failed program was:
| /* confdefs.h */
| #define PACKAGE_NAME "KLEE"
| #define PACKAGE_TARNAME "-klee-"
| #define PACKAGE_VERSION "0.01"
| #define PACKAGE_STRING "KLEE 0.01"
| #define PACKAGE_BUGREPORT "daniel@minormatter.com"
| #define PACKAGE_URL ""
| #define LLVM_VERSION_MAJOR 2
| #define LLVM_VERSION_MINOR 9
| #define LLVM_IS_RELEASE 1
| #define ENABLE_KLEE_DEBUG 1
| #define RUNTIME_CONFIGURATION "Release+Asserts"
| #define HAVE_CTYPE_EXTERNALS 1
| #define STDC_HEADERS 1
| #define HAVE_SYS_TYPES_H 1
| #define HAVE_SYS_STAT_H 1
| #define HAVE_STDLIB_H 1
| #define HAVE_STRING_H 1
| #define HAVE_MEMORY_H 1
| #define HAVE_STRINGS_H 1
| #define HAVE_INTTYPES_H 1
| #define HAVE_STDINT_H 1
| #define HAVE_UNISTD_H 1
| #define HAVE_SYS_CAPABILITY_H 1
| /* end confdefs.h.  */
| #include <ac_nonexistent.h>
configure:4954: checking selinux/selinux.h usability
configure:4954: g++ -c -g -O2  conftest.cpp >&5
conftest.cpp:59:29: fatal error: selinux/selinux.h: No such file or directory
compilation terminated.
configure:4954: $? = 1
configure: failed program was:
| /* confdefs.h */
| #define PACKAGE_NAME "KLEE"
| #define PACKAGE_TARNAME "-klee-"
| #define PACKAGE_VERSION "0.01"
| #define PACKAGE_STRING "KLEE 0.01"
| #define PACKAGE_BUGREPORT "daniel@minormatter.com"
| #define PACKAGE_URL ""
| #define LLVM_VERSION_MAJOR 2
| #define LLVM_VERSION_MINOR 9
| #define LLVM_IS_RELEASE 1
| #define ENABLE_KLEE_DEBUG 1
| #define RUNTIME_CONFIGURATION "Release+Asserts"
| #define HAVE_CTYPE_EXTERNALS 1
| #define STDC_HEADERS 1
| #define HAVE_SYS_TYPES_H 1
| #define HAVE_SYS_STAT_H 1
| #define HAVE_STDLIB_H 1
| #define HAVE_STRING_H 1
| #define HAVE_MEMORY_H 1
| #define HAVE_STRINGS_H 1
| #define HAVE_INTTYPES_H 1
| #define HAVE_STDINT_H 1
| #define HAVE_UNISTD_H 1
| #define HAVE_SYS_CAPABILITY_H 1
| /* end confdefs.h.  */
| #include <stdio.h>
| #ifdef HAVE_SYS_TYPES_H
| # include <sys/types.h>
| #endif
| #ifdef HAVE_SYS_STAT_H
| # include <sys/stat.h>
| #endif
| #ifdef STDC_HEADERS
| # include <stdlib.h>
| # include <stddef.h>
| #else
| # ifdef HAVE_STDLIB_H
| #  include <stdlib.h>
| # endif
| #endif
| #ifdef HAVE_STRING_H
| # if !defined STDC_HEADERS && defined HAVE_MEMORY_H
| #  include <memory.h>
| # endif
| # include <string.h>
| #endif
| #ifdef HAVE_STRINGS_H
| # include <strings.h>
| #endif
| #ifdef HAVE_INTTYPES_H
| # include <inttypes.h>
| #endif
| #ifdef HAVE_STDINT_H
| # include <stdint.h>
| #endif
| #ifdef HAVE_UNISTD_H
| # include <unistd.h>
| #endif
| #include <selinux/selinux.h>
configure:4954: result: no
configure:4954: checking selinux/selinux.h presence
configure:4954: g++ -E  conftest.cpp
conftest.cpp:26:29: fatal error: selinux/selinux.h: No such file or directory
compilation terminated.
configure:4954: $? = 1
configure: failed program was:
| /* confdefs.h */
| #define PACKAGE_NAME "KLEE"
| #define PACKAGE_TARNAME "-klee-"
| #define PACKAGE_VERSION "0.01"
| #define PACKAGE_STRING "KLEE 0.01"
| #define PACKAGE_BUGREPORT "daniel@minormatter.com"
| #define PACKAGE_URL ""
| #define LLVM_VERSION_MAJOR 2
| #define LLVM_VERSION_MINOR 9
| #define LLVM_IS_RELEASE 1
| #define ENABLE_KLEE_DEBUG 1
| #define RUNTIME_CONFIGURATION "Release+Asserts"
| #define HAVE_CTYPE_EXTERNALS 1
| #define STDC_HEADERS 1
| #define HAVE_SYS_TYPES_H 1
| #define HAVE_SYS_STAT_H 1
| #define HAVE_STDLIB_H 1
| #define HAVE_STRING_H 1
| #define HAVE_MEMORY_H 1
| #define HAVE_STRINGS_H 1
| #define HAVE_INTTYPES_H 1
| #define HAVE_STDINT_H 1
| #define HAVE_UNISTD_H 1
| #define HAVE_SYS_CAPABILITY_H 1
| /* end confdefs.h.  */
| #include <selinux/selinux.h>
configure:4954: result: no
configure:4954: checking for selinux/selinux.h
configure:4954: result: no
configure:4972: checking malloc/malloc.h usability
configure:4972: g++ -c -g -O2  conftest.cpp >&5
conftest.cpp:59:27: fatal error: malloc/malloc.h: No such file or directory
compilation terminated.
configure:4972: $? = 1
configure: failed program was:
| /* confdefs.h */
| #define PACKAGE_NAME "KLEE"
| #define PACKAGE_TARNAME "-klee-"
| #define PACKAGE_VERSION "0.01"
| #define PACKAGE_STRING "KLEE 0.01"
| #define PACKAGE_BUGREPORT "daniel@minormatter.com"
| #define PACKAGE_URL ""
| #define LLVM_VERSION_MAJOR 2
| #define LLVM_VERSION_MINOR 9
| #define LLVM_IS_RELEASE 1
| #define ENABLE_KLEE_DEBUG 1
| #define RUNTIME_CONFIGURATION "Release+Asserts"
| #define HAVE_CTYPE_EXTERNALS 1
| #define STDC_HEADERS 1
| #define HAVE_SYS_TYPES_H 1
| #define HAVE_SYS_STAT_H 1
| #define HAVE_STDLIB_H 1
| #define HAVE_STRING_H 1
| #define HAVE_MEMORY_H 1
| #define HAVE_STRINGS_H 1
| #define HAVE_INTTYPES_H 1
| #define HAVE_STDINT_H 1
| #define HAVE_UNISTD_H 1
| #define HAVE_SYS_CAPABILITY_H 1
| /* end confdefs.h.  */
| #include <stdio.h>
| #ifdef HAVE_SYS_TYPES_H
| # include <sys/types.h>
| #endif
| #ifdef HAVE_SYS_STAT_H
| # include <sys/stat.h>
| #endif
| #ifdef STDC_HEADERS
| # include <stdlib.h>
| # include <stddef.h>
| #else
| # ifdef HAVE_STDLIB_H
| #  include <stdlib.h>
| # endif
| #endif
| #ifdef HAVE_STRING_H
| # if !defined STDC_HEADERS && defined HAVE_MEMORY_H
| #  include <memory.h>
| # endif
| # include <string.h>
| #endif
| #ifdef HAVE_STRINGS_H
| # include <strings.h>
| #endif
| #ifdef HAVE_INTTYPES_H
| # include <inttypes.h>
| #endif
| #ifdef HAVE_STDINT_H
| # include <stdint.h>
| #endif
| #ifdef HAVE_UNISTD_H
| # include <unistd.h>
| #endif
| #include <malloc/malloc.h>
configure:4972: result: no
configure:4972: checking malloc/malloc.h presence
configure:4972: g++ -E  conftest.cpp
conftest.cpp:26:27: fatal error: malloc/malloc.h: No such file or directory
compilation terminated.
configure:4972: $? = 1
configure: failed program was:
| /* confdefs.h */
| #define PACKAGE_NAME "KLEE"
| #define PACKAGE_TARNAME "-klee-"
| #define PACKAGE_VERSION "0.01"
| #define PACKAGE_STRING "KLEE 0.01"
| #define PACKAGE_BUGREPORT "daniel@minormatter.com"
| #define PACKAGE_URL ""
| #define LLVM_VERSION_MAJOR 2
| #define LLVM_VERSION_MINOR 9
| #define LLVM_IS_RELEASE 1
| #define ENABLE_KLEE_DEBUG 1
| #define RUNTIME_CONFIGURATION "Release+Asserts"
| #define HAVE_CTYPE_EXTERNALS 1
| #define STDC_HEADERS 1
| #define HAVE_SYS_TYPES_H 1
| #define HAVE_SYS_STAT_H 1
| #define HAVE_STDLIB_H 1
| #define HAVE_STRING_H 1
| #define HAVE_MEMORY_H 1
| #define HAVE_STRINGS_H 1
| #define HAVE_INTTYPES_H 1
| #define HAVE_STDINT_H 1
| #define HAVE_UNISTD_H 1
| #define HAVE_SYS_CAPABILITY_H 1
| /* end confdefs.h.  */
| #include <malloc/malloc.h>
configure:4972: result: no
configure:4972: checking for malloc/malloc.h
configure:4972: result: no
configure:4984: checking for malloc_zone_statistics
configure:4984: g++ -o conftest -g -O2   conftest.cpp  >&5
/tmp/ccbAKxVc.o: In function `main':
/var/www/frog.com/klee/conftest.cpp:60: undefined reference to `malloc_zone_statistics'
collect2: ld returned 1 exit status
configure:4984: $? = 1
configure: failed program was:
| /* confdefs.h */
| #define PACKAGE_NAME "KLEE"
| #define PACKAGE_TARNAME "-klee-"
| #define PACKAGE_VERSION "0.01"
| #define PACKAGE_STRING "KLEE 0.01"
| #define PACKAGE_BUGREPORT "daniel@minormatter.com"
| #define PACKAGE_URL ""
| #define LLVM_VERSION_MAJOR 2
| #define LLVM_VERSION_MINOR 9
| #define LLVM_IS_RELEASE 1
| #define ENABLE_KLEE_DEBUG 1
| #define RUNTIME_CONFIGURATION "Release+Asserts"
| #define HAVE_CTYPE_EXTERNALS 1
| #define STDC_HEADERS 1
| #define HAVE_SYS_TYPES_H 1
| #define HAVE_SYS_STAT_H 1
| #define HAVE_STDLIB_H 1
| #define HAVE_STRING_H 1
| #define HAVE_MEMORY_H 1
| #define HAVE_STRINGS_H 1
| #define HAVE_INTTYPES_H 1
| #define HAVE_STDINT_H 1
| #define HAVE_UNISTD_H 1
| #define HAVE_SYS_CAPABILITY_H 1
| /* end confdefs.h.  */
| /* Define malloc_zone_statistics to an innocuous variant, in case <limits.h> declares malloc_zone_statistics.
|    For example, HP-UX 11i <limits.h> declares gettimeofday.  */
| #define malloc_zone_statistics innocuous_malloc_zone_statistics
| 
| /* System header to define __stub macros and hopefully few prototypes,
|     which can conflict with char malloc_zone_statistics (); below.
|     Prefer <limits.h> to <assert.h> if __STDC__ is defined, since
|     <limits.h> exists even on freestanding compilers.  */
| 
| #ifdef __STDC__
| # include <limits.h>
| #else
| # include <assert.h>
| #endif
| 
| #undef malloc_zone_statistics
| 
| /* Override any GCC internal prototype to avoid an error.
|    Use char because int might match the return type of a GCC
|    builtin and then its argument prototype would still apply.  */
| #ifdef __cplusplus
| extern "C"
| #endif
| char malloc_zone_statistics ();
| /* The GNU C library defines this for functions which it implements
|     to always fail with ENOSYS.  Some functions are actually named
|     something starting with __ and the normal name is an alias.  */
| #if defined __stub_malloc_zone_statistics || defined __stub___malloc_zone_statistics
| choke me
| #endif
| 
| int
| main ()
| {
| return malloc_zone_statistics ();
|   ;
|   return 0;
| }
configure:4984: result: no
configure:4993: checking for library containing mallinfo
configure:5024: g++ -o conftest -g -O2   conftest.cpp  >&5
configure:5024: $? = 0
configure:5041: result: none required
configure:5076: checking stp/c_interface.h usability
configure:5076: g++ -c -g -O2  -I/var/www/frog.com/stp-r940/install/include conftest.cpp >&5
configure:5076: $? = 0
configure:5076: result: yes
configure:5076: checking stp/c_interface.h presence
configure:5076: g++ -E  -I/var/www/frog.com/stp-r940/install/include conftest.cpp
configure:5076: $? = 0
configure:5076: result: yes
configure:5076: checking for stp/c_interface.h
configure:5076: result: yes
configure:5088: checking for vc_setInterfaceFlags in -lstp
configure:5113: g++ -o conftest -g -O2   conftest.cpp -lstp -L/var/www/frog.com/stp-r940/install/lib  >&5
configure:5113: $? = 0
configure:5122: result: yes
configure:5353: creating ./config.status

## ---------------------- ##
## Running config.status. ##
## ---------------------- ##

This file was extended by KLEE config.status 0.01, which was
generated by GNU Autoconf 2.69.  Invocation command line was

  CONFIG_FILES    = 
  CONFIG_HEADERS  = 
  CONFIG_LINKS    = 
  CONFIG_COMMANDS = 
  $ ./config.status 

on iZu1dtx7qx0Z

config.status:869: creating Makefile.config
config.status:869: creating docs/doxygen.cfg
config.status:869: creating include/klee/Config/config.h
config.status:1053: executing setup commands
config.status:1053: executing Makefile commands
config.status:1053: executing Makefile.common commands
config.status:1053: executing lib/Makefile commands
config.status:1053: executing runtime/Makefile commands
config.status:1053: executing test/Makefile commands
config.status:1053: executing test/Makefile.tests commands
config.status:1053: executing test/Concrete/Makefile commands
config.status:1053: executing tools/Makefile commands
config.status:1053: executing unittests/Makefile commands

## ---------------- ##
## Cache variables. ##
## ---------------- ##

ac_cv_build=x86_64-unknown-linux-gnu
ac_cv_c_compiler_gnu=yes
ac_cv_cxx_compiler_gnu=yes
ac_cv_env_CCC_set=
ac_cv_env_CCC_value=
ac_cv_env_CC_set=
ac_cv_env_CC_value=
ac_cv_env_CFLAGS_set=
ac_cv_env_CFLAGS_value=
ac_cv_env_CPPFLAGS_set=
ac_cv_env_CPPFLAGS_value=
ac_cv_env_CPP_set=
ac_cv_env_CPP_value=
ac_cv_env_CXXCPP_set=
ac_cv_env_CXXCPP_value=
ac_cv_env_CXXFLAGS_set=
ac_cv_env_CXXFLAGS_value=
ac_cv_env_CXX_set=
ac_cv_env_CXX_value=
ac_cv_env_LDFLAGS_set=
ac_cv_env_LDFLAGS_value=
ac_cv_env_LIBS_set=
ac_cv_env_LIBS_value=
ac_cv_env_build_alias_set=
ac_cv_env_build_alias_value=
ac_cv_env_host_alias_set=
ac_cv_env_host_alias_value=
ac_cv_env_target_alias_set=
ac_cv_env_target_alias_value=
ac_cv_func_malloc_zone_statistics=no
ac_cv_header_inttypes_h=yes
ac_cv_header_malloc_malloc_h=no
ac_cv_header_memory_h=yes
ac_cv_header_selinux_selinux_h=no
ac_cv_header_stdc=yes
ac_cv_header_stdint_h=yes
ac_cv_header_stdlib_h=yes
ac_cv_header_stp_c_interface_h=yes
ac_cv_header_string_h=yes
ac_cv_header_strings_h=yes
ac_cv_header_sys_acl_h=no
ac_cv_header_sys_capability_h=yes
ac_cv_header_sys_stat_h=yes
ac_cv_header_sys_types_h=yes
ac_cv_header_unistd_h=yes
ac_cv_host=x86_64-unknown-linux-gnu
ac_cv_lib_cap_cap_get_proc=yes
ac_cv_lib_stp_vc_setInterfaceFlags=yes
ac_cv_objext=o
ac_cv_path_EGREP='/bin/grep -E'
ac_cv_path_GREP=/bin/grep
ac_cv_prog_CPP='gcc -E'
ac_cv_prog_CXXCPP='g++ -E'
ac_cv_prog_ac_ct_CC=gcc
ac_cv_prog_ac_ct_CXX=g++
ac_cv_prog_cc_c89=
ac_cv_prog_cc_g=yes
ac_cv_prog_cxx_g=yes
ac_cv_prog_llvm_gcc=FOUND
ac_cv_prog_llvm_gxx=FOUND
ac_cv_search_mallinfo='none required'
ac_cv_target=x86_64-unknown-linux-gnu

## ----------------- ##
## Output variables. ##
## ----------------- ##

CC='gcc'
CFLAGS='-g -O2'
CPP='gcc -E'
CPPFLAGS=''
CXX='g++'
CXXCPP='g++ -E'
CXXFLAGS='-g -O2'
DEFS='-DHAVE_CONFIG_H'
ECHO_C=''
ECHO_N='-n'
ECHO_T=''
EGREP='/bin/grep -E'
ENABLE_METASMT='0'
ENABLE_POSIX_RUNTIME='0'
ENABLE_UCLIBC='0'
EXEEXT=''
GREP='/bin/grep'
HAVE_SELINUX='0'
KLEE_BITCODE_CXX_COMPILER='/var/www/frog.com/llvm-gcc4.2-2.9-x86_64-linux/bin/llvm-g++'
KLEE_BITCODE_C_COMPILER='/var/www/frog.com/llvm-gcc4.2-2.9-x86_64-linux/bin/llvm-gcc'
KLEE_UCLIBC_BCA=''
KLEE_USE_CXX11='0'
LDFLAGS=''
LIBOBJS=''
LIBS='-lstp '
LLVM_BUILD_MODE='Release+Asserts'
LLVM_IS_RELEASE='1'
LLVM_OBJ='/var/www/frog.com/llvm-2.9'
LLVM_SRC='/var/www/frog.com/llvm-2.9'
LLVM_VERSION_MAJOR='2'
LLVM_VERSION_MINOR='9'
LTLIBOBJS=''
METASMT_ROOT=''
OBJEXT='o'
PACKAGE_BUGREPORT='daniel@minormatter.com'
PACKAGE_NAME='KLEE'
PACKAGE_STRING='KLEE 0.01'
PACKAGE_TARNAME='-klee-'
PACKAGE_URL=''
PACKAGE_VERSION='0.01'
PATH_SEPARATOR=':'
REQUIRES_RTTI='0'
RUNTIME_CONFIGURATION=''
RUNTIME_DEBUG_SYMBOLS=''
RUNTIME_DISABLE_ASSERTIONS='0'
RUNTIME_ENABLE_OPTIMIZED='1'
SHELL='/bin/bash'
STP_CFLAGS='-I/var/www/frog.com/stp-r940/install/include'
STP_LDFLAGS='-L/var/www/frog.com/stp-r940/install/lib'
ac_ct_CC='gcc'
ac_ct_CXX='g++'
bindir='${exec_prefix}/bin'
build='x86_64-unknown-linux-gnu'
build_alias=''
build_cpu='x86_64'
build_os='linux-gnu'
build_vendor='unknown'
clang=''
clang_cxx=''
datadir='${datarootdir}'
datarootdir='${prefix}/share'
docdir='${datarootdir}/doc/${PACKAGE_TARNAME}'
dvidir='${docdir}'
exec_prefix='${prefix}'
host='x86_64-unknown-linux-gnu'
host_alias=''
host_cpu='x86_64'
host_os='linux-gnu'
host_vendor='unknown'
htmldir='${docdir}'
includedir='${prefix}/include'
infodir='${datarootdir}/info'
libdir='${exec_prefix}/lib'
libexecdir='${exec_prefix}/libexec'
llvm_gcc='FOUND'
llvm_gxx='FOUND'
localedir='${datarootdir}/locale'
localstatedir='${prefix}/var'
mandir='${datarootdir}/man'
oldincludedir='/usr/include'
pdfdir='${docdir}'
prefix='/usr/local'
program_transform_name='s,x,x,'
psdir='${docdir}'
sbindir='${exec_prefix}/sbin'
sharedstatedir='${prefix}/com'
sysconfdir='${prefix}/etc'
target='x86_64-unknown-linux-gnu'
target_alias=''
target_cpu='x86_64'
target_os='linux-gnu'
target_vendor='unknown'

## ----------- ##
## confdefs.h. ##
## ----------- ##

/* confdefs.h */
#define PACKAGE_NAME "KLEE"
#define PACKAGE_TARNAME "-klee-"
#define PACKAGE_VERSION "0.01"
#define PACKAGE_STRING "KLEE 0.01"
#define PACKAGE_BUGREPORT "daniel@minormatter.com"
#define PACKAGE_URL ""
#define LLVM_VERSION_MAJOR 2
#define LLVM_VERSION_MINOR 9
#define LLVM_IS_RELEASE 1
#define ENABLE_KLEE_DEBUG 1
#define RUNTIME_CONFIGURATION "Release+Asserts"
#define HAVE_CTYPE_EXTERNALS 1
#define STDC_HEADERS 1
#define HAVE_SYS_TYPES_H 1
#define HAVE_SYS_STAT_H 1
#define HAVE_STDLIB_H 1
#define HAVE_STRING_H 1
#define HAVE_MEMORY_H 1
#define HAVE_STRINGS_H 1
#define HAVE_INTTYPES_H 1
#define HAVE_STDINT_H 1
#define HAVE_UNISTD_H 1
#define HAVE_SYS_CAPABILITY_H 1
#define HAVE_MALLINFO 1
#define HAVE_LIBSTP 1

configure: exit 0
